#
# A fatal error has been detected by the Java Runtime Environment:
#
#  SIGSEGV (0xb) at pc=0x000000010f74791d, pid=12350, tid=0x0000000000003503
#
# JRE version: OpenJDK Runtime Environment (8.0_202) (build 1.8.0_202-release-1483-b49-5587405)
# Java VM: OpenJDK 64-Bit Server VM (25.202-b49-5587405 mixed mode bsd-amd64 compressed oops)
# Problematic frame:
# V  [libjvm.dylib+0x14791d]  IndexSet::insert(unsigned int)+0x19
#
# Failed to write core dump. Core dumps have been disabled. To enable core dumping, try "ulimit -c unlimited" before starting Java again
#
# If you would like to submit a bug report, please visit:
#   http://bugreport.java.com/bugreport/crash.jsp
#

---------------  T H R E A D  ---------------

Current thread (0x00007fba3200a000):  JavaThread "C2 CompilerThread2" daemon [_thread_in_native, id=13571, stack(0x0000700007619000,0x0000700007719000)]

siginfo: si_signo: 11 (SIGSEGV), si_code: 0 (unknown), si_addr: 0x0000000000000000

Registers:
RAX=0x07fa00ffb1572800, RBX=0x0000000000000001, RCX=0x0000000000000000, RDX=0x0000000000000000
RSP=0x00007000077158f0, RBP=0x0000700007715900, RSI=0x0000000000000001, RDI=0x00000001271bd3b0
R8 =0x00000000000a1f25, R9 =0xffffffff00000000, R10=0x000000010fe05e60, R11=0xfffffffffff82060
R12=0x00000001272923b8, R13=0x000000010fe17178, R14=0x00000001271bd3b0, R15=0x0000700007715918
RIP=0x000000010f74791d, EFLAGS=0x0000000000010246, ERR=0x0000000000000000
  TRAPNO=0x000000000000000d

Top of Stack: (sp=0x00007000077158f0)
0x00007000077158f0:   00000001271bd3b0 0000000000000001
0x0000700007715900:   00007000077159a0 000000010f9a3d5a
0x0000700007715910:   000000010fe17178 0000000200000001
0x0000700007715920:   0000700000000001 00007fba304a9a00
0x0000700007715930:   0000000000000001 00007fba304b5530
0x0000700007715940:   0000700000000024 00007fba304c1050
0x0000700007715950:   0000700007715b30 00007fba37b242a8
0x0000700007715960:   000000010fe17178 0000000126d95010
0x0000700007715970:   00007000077159e0 0000000000000000
0x0000700007715980:   00007fba304c1050 0000700007715b30
0x0000700007715990:   00007fba37b242a8 0000000000000001
0x00007000077159a0:   0000700007715a60 000000010f9a3a53
0x00007000077159b0:   00007000077159d0 00007fba312022e0
0x00007000077159c0:   00007fba31f6ca00 00007fba31f70a50
0x00007000077159d0:   00007fba31f749e8 0000000000279d90
0x00007000077159e0:   000000010fdf0cf8 00007fba312022e0
0x00007000077159f0:   0000000000000040 00007fba304affb0
0x0000700007715a00:   000000000000028e 000000000000028f
0x0000700007715a10:   00007fba304c1050 0000000000000001
0x0000700007715a20:   00000001ffffffff 0000000000000000
0x0000700007715a30:   00007fba37b24958 0000000000000000
0x0000700007715a40:   00007000077173b0 00007000077172c8
0x0000700007715a50:   0000700007715bf8 0000700007715b30
0x0000700007715a60:   0000700007715c90 000000010f745375
0x0000700007715a70:   000000010fddc050 000000000000000d
0x0000700007715a80:   0000700007718088 00007000077172c8
0x0000700007715a90:   0000000000002f90 000000010fe04a8c
0x0000700007715aa0:   0000700007715b20 000000000000000c
0x0000700007715ab0:   0000700007715ad0 00007fff63f75c15
0x0000700007715ac0:   0000000000000000 000000010fe04a8c
0x0000700007715ad0:   0000700007715b10 000000010fa4e945
0x0000700007715ae0:   0000000000000000 000000000000be50 

Instructions: (pc=0x000000010f74791d)
0x000000010f7478fd:   e9 b3 fd ff ff 90 90 85 f6 74 5a 55 48 89 e5 41
0x000000010f74790d:   56 53 89 f3 49 89 fe 48 8b 47 08 89 f1 c1 e9 08
0x000000010f74791d:   48 8b 04 c8 48 3b 05 b0 59 61 00 75 0a 4c 89 f7
0x000000010f74792d:   89 de e8 02 95 14 00 89 de c1 ee 05 83 e6 07 ba 

Register to memory mapping:

RAX=0x07fa00ffb1572800 is an unknown value
RBX=0x0000000000000001 is an unknown value
RCX=0x0000000000000000 is an unknown value
RDX=0x0000000000000000 is an unknown value
RSP=0x00007000077158f0 is pointing into the stack for thread: 0x00007fba3200a000
RBP=0x0000700007715900 is pointing into the stack for thread: 0x00007fba3200a000
RSI=0x0000000000000001 is an unknown value
RDI=0x00000001271bd3b0 is pointing into metadata
R8 =0x00000000000a1f25 is an unknown value
R9 =0xffffffff00000000 is an unknown value
R10=0x000000010fe05e60: _ZL8tc_mutex+0x18 in /Applications/Android Studio.app/Contents/jre/jdk/Contents/Home/jre/lib/server/libjvm.dylib at 0x000000010f600000
R11=0xfffffffffff82060 is an unknown value
R12=0x00000001272923b8 is pointing into metadata
R13=0x000000010fe17178: _ZN8IndexSet12_empty_blockE+0 in /Applications/Android Studio.app/Contents/jre/jdk/Contents/Home/jre/lib/server/libjvm.dylib at 0x000000010f600000
R14=0x00000001271bd3b0 is pointing into metadata
R15=0x0000700007715918 is pointing into the stack for thread: 0x00007fba3200a000


Stack: [0x0000700007619000,0x0000700007719000],  sp=0x00007000077158f0,  free space=1010k
Native frames: (J=compiled Java code, j=interpreted, Vv=VM code, C=native code)
V  [libjvm.dylib+0x14791d]  IndexSet::insert(unsigned int)+0x19
V  [libjvm.dylib+0x3a3d5a]  PhaseLive::add_liveout(Block*, IndexSet*, VectorSet&)+0x9a
V  [libjvm.dylib+0x3a3a53]  PhaseLive::compute(unsigned int)+0x3d9
V  [libjvm.dylib+0x145375]  PhaseChaitin::Register_Allocate()+0x3c5
V  [libjvm.dylib+0x19955a]  Compile::Code_Gen()+0x14e
V  [libjvm.dylib+0x198067]  Compile::Compile(ciEnv*, C2Compiler*, ciMethod*, int, bool, bool, bool)+0x8eb
V  [libjvm.dylib+0x136ef8]  C2Compiler::compile_method(ciEnv*, ciMethod*, int)+0x9e
V  [libjvm.dylib+0x1a35b7]  CompileBroker::invoke_compiler_on_method(CompileTask*)+0x633
V  [libjvm.dylib+0x1a2abc]  CompileBroker::compiler_thread_loop()+0x270
V  [libjvm.dylib+0x51e598]  JavaThread::thread_main_inner()+0x82
V  [libjvm.dylib+0x51e45d]  JavaThread::run()+0x199
V  [libjvm.dylib+0x4516c3]  java_start(Thread*)+0xfa
C  [libsystem_pthread.dylib+0x32eb]  _pthread_body+0x7e
C  [libsystem_pthread.dylib+0x6249]  _pthread_start+0x42
C  [libsystem_pthread.dylib+0x240d]  thread_start+0xd
C  0x0000000000000000


Current CompileTask:
C2:1448172 10356       4       java.lang.Class::privateGetPublicMethods (267 bytes)


---------------  P R O C E S S  ---------------

Java Threads: ( => current thread )
  0x00007fba39c6e800 JavaThread "Cache worker for execution history cache (/Users/admin/Desktop/b-list/.gradle/5.4.1/executionHistory)" [_thread_blocked, id=30219, stack(0x0000700009e91000,0x0000700009f91000)]
  0x00007fba39210000 JavaThread "Execution worker for ':' Thread 7" [_thread_blocked, id=37651, stack(0x0000700009d8e000,0x0000700009e8e000)]
  0x00007fba391f3000 JavaThread "Execution worker for ':' Thread 6" [_thread_blocked, id=36371, stack(0x0000700009c8b000,0x0000700009d8b000)]
  0x00007fba37b3c800 JavaThread "Execution worker for ':' Thread 5" [_thread_blocked, id=29971, stack(0x0000700009b88000,0x0000700009c88000)]
  0x00007fba380aa000 JavaThread "Execution worker for ':' Thread 4" [_thread_blocked, id=36627, stack(0x0000700009a85000,0x0000700009b85000)]
  0x00007fba365db800 JavaThread "Execution worker for ':' Thread 3" [_thread_blocked, id=31251, stack(0x0000700009982000,0x0000700009a82000)]
  0x00007fba388f3800 JavaThread "Execution worker for ':' Thread 2" [_thread_blocked, id=37139, stack(0x000070000987f000,0x000070000997f000)]
  0x00007fba380a3000 JavaThread "Execution worker for ':'" [_thread_blocked, id=35599, stack(0x000070000977c000,0x000070000987c000)]
  0x00007fba38041000 JavaThread "Cache worker for file content cache (/Users/admin/Desktop/b-list/.gradle/5.4.1/fileContent)" [_thread_blocked, id=37907, stack(0x0000700009679000,0x0000700009779000)]
  0x00007fba31d54000 JavaThread "Cache worker for Build Output Cleanup Cache (/Users/admin/Desktop/b-list/.gradle/buildOutputCleanup)" [_thread_blocked, id=30739, stack(0x0000700009370000,0x0000700009470000)]
  0x00007fba39044000 JavaThread "Build operations Thread 8" [_thread_blocked, id=39187, stack(0x000070000926d000,0x000070000936d000)]
  0x00007fba363b7800 JavaThread "Build operations Thread 7" [_thread_blocked, id=41495, stack(0x000070000916a000,0x000070000926a000)]
  0x00007fba31d7e800 JavaThread "Build operations Thread 6" [_thread_blocked, id=24339, stack(0x0000700009067000,0x0000700009167000)]
  0x00007fba363b7000 JavaThread "Build operations Thread 5" [_thread_blocked, id=39443, stack(0x0000700008f64000,0x0000700009064000)]
  0x00007fba363b6000 JavaThread "Build operations Thread 4" [_thread_blocked, id=39703, stack(0x0000700008e61000,0x0000700008f61000)]
  0x00007fba30355800 JavaThread "Build operations Thread 3" [_thread_blocked, id=26131, stack(0x0000700008d5e000,0x0000700008e5e000)]
  0x00007fba300ea800 JavaThread "Build operations Thread 2" [_thread_blocked, id=38423, stack(0x0000700008c5b000,0x0000700008d5b000)]
  0x00007fba39043000 JavaThread "Build operations" [_thread_blocked, id=24595, stack(0x0000700008b58000,0x0000700008c58000)]
  0x00007fba39042800 JavaThread "Cache worker for cache directory md-rule (/Users/admin/.gradle/caches/5.4.1/md-rule)" [_thread_blocked, id=27923, stack(0x0000700008952000,0x0000700008a52000)]
  0x00007fba37b45000 JavaThread "Cache worker for cache directory md-supplier (/Users/admin/.gradle/caches/5.4.1/md-supplier)" [_thread_blocked, id=28179, stack(0x000070000884f000,0x000070000894f000)]
  0x00007fba30352800 JavaThread "Unknown thread" [_thread_blocked, id=40467, stack(0x000070000874c000,0x000070000884c000)]
  0x00007fba39888800 JavaThread "Thread-116" [_thread_blocked, id=23827, stack(0x0000700008340000,0x0000700008440000)]
  0x00007fba39887800 JavaThread "Stdin handler" [_thread_blocked, id=23315, stack(0x000070000823d000,0x000070000833d000)]
  0x00007fba39887000 JavaThread "Asynchronous log dispatcher for DefaultDaemonConnection: socket connection from /127.0.0.1:54475 to /127.0.0.1:56019" [_thread_blocked, id=40215, stack(0x000070000813a000,0x000070000823a000)]
  0x00007fba359ec000 JavaThread "Unknown thread" [_thread_blocked, id=41999, stack(0x0000700008037000,0x0000700008137000)]
  0x00007fba31890000 JavaThread "Cancel handler" [_thread_blocked, id=27671, stack(0x0000700007f34000,0x0000700008034000)]
  0x00007fba39886000 JavaThread "Handler for socket connection from /127.0.0.1:54475 to /127.0.0.1:56019" [_thread_in_native, id=23055, stack(0x0000700007e31000,0x0000700007f31000)]
  0x00007fba39885800 JavaThread "Daemon Thread 3" [_thread_blocked, id=22795, stack(0x0000700007d2e000,0x0000700007e2e000)]
  0x00007fba30c6d000 JavaThread "Cache worker for file content cache (/Users/admin/.gradle/caches/5.4.1/fileContent)" [_thread_blocked, id=29191, stack(0x0000700009576000,0x0000700009676000)]
  0x00007fba32507800 JavaThread "Memory manager" [_thread_blocked, id=4103, stack(0x0000700009473000,0x0000700009573000)]
  0x00007fba361ed000 JavaThread "Cache worker for execution history cache (/Users/admin/.gradle/caches/5.4.1/executionHistory)" [_thread_blocked, id=26627, stack(0x0000700008a55000,0x0000700008b55000)]
  0x00007fba2fa36800 JavaThread "Cache worker for journal cache (/Users/admin/.gradle/caches/journal-1)" [_thread_blocked, id=25603, stack(0x0000700008649000,0x0000700008749000)]
  0x00007fba2fa4f800 JavaThread "File lock request listener" [_thread_in_native, id=25347, stack(0x0000700008546000,0x0000700008646000)]
  0x00007fba3320c800 JavaThread "Cache worker for file hash cache (/Users/admin/.gradle/caches/5.4.1/fileHashes)" [_thread_blocked, id=24835, stack(0x0000700008443000,0x0000700008543000)]
  0x00007fba31a42800 JavaThread "Daemon periodic checks" [_thread_blocked, id=22531, stack(0x0000700007c2b000,0x0000700007d2b000)]
  0x00007fba2fa39000 JavaThread "Incoming local TCP Connector on port 54475" [_thread_in_native, id=43267, stack(0x0000700007b28000,0x0000700007c28000)]
  0x00007fba3210b800 JavaThread "Daemon health stats" [_thread_blocked, id=21763, stack(0x0000700007a25000,0x0000700007b25000)]
  0x00007fba31816800 JavaThread "Service Thread" daemon [_thread_blocked, id=14339, stack(0x000070000781f000,0x000070000791f000)]
  0x00007fba33000000 JavaThread "C1 CompilerThread3" daemon [_thread_blocked, id=14083, stack(0x000070000771c000,0x000070000781c000)]
=>0x00007fba3200a000 JavaThread "C2 CompilerThread2" daemon [_thread_in_native, id=13571, stack(0x0000700007619000,0x0000700007719000)]
  0x00007fba2f827000 JavaThread "C2 CompilerThread1" daemon [_thread_blocked, id=13315, stack(0x0000700007516000,0x0000700007616000)]
  0x00007fba2f81f000 JavaThread "C2 CompilerThread0" daemon [_thread_blocked, id=13059, stack(0x0000700007413000,0x0000700007513000)]
  0x00007fba30810000 JavaThread "Signal Dispatcher" daemon [_thread_blocked, id=16387, stack(0x0000700007310000,0x0000700007410000)]
  0x00007fba32804000 JavaThread "Finalizer" daemon [_thread_blocked, id=12035, stack(0x000070000720d000,0x000070000730d000)]
  0x00007fba2f81c800 JavaThread "Reference Handler" daemon [_thread_blocked, id=18691, stack(0x000070000710a000,0x000070000720a000)]
  0x00007fba30002800 JavaThread "main" [_thread_blocked, id=9987, stack(0x00007000066ec000,0x00007000067ec000)]

Other Threads:
  0x00007fba30035000 VMThread [stack: 0x0000700007007000,0x0000700007107000] [id=19203]
  0x00007fba31817800 WatcherThread [stack: 0x0000700007922000,0x0000700007a22000] [id=14851]

VM state:at safepoint (normal execution)

VM Mutex/Monitor currently owned by a thread:  ([mutex/lock_event])
[0x00007fba2f510e00] Threads_lock - owner thread: 0x00007fba30035000
[0x00007fba2f511300] Heap_lock - owner thread: 0x00007fba380a3000

heap address: 0x0000000760000000, size: 1536 MB, Compressed Oops mode: Zero based, Oop shift amount: 3
Narrow klass base: 0x0000000000000000, Narrow klass shift: 3
Compressed class space size: 1073741824 Address: 0x00000007c0000000

Heap:
 PSYoungGen      total 175616K, used 33437K [0x00000007a0000000, 0x00000007ad780000, 0x00000007c0000000)
  eden space 138752K, 0% used [0x00000007a0000000,0x00000007a0000000,0x00000007a8780000)
  from space 36864K, 90% used [0x00000007a8a00000,0x00000007aaaa7508,0x00000007aae00000)
  to   space 40960K, 0% used [0x00000007aaf80000,0x00000007aaf80000,0x00000007ad780000)
 ParOldGen       total 276480K, used 61393K [0x0000000760000000, 0x0000000770e00000, 0x00000007a0000000)
  object space 276480K, 22% used [0x0000000760000000,0x0000000763bf4650,0x0000000770e00000)
 Metaspace       used 94530K, capacity 98178K, committed 98280K, reserved 1134592K
  class space    used 12366K, capacity 13144K, committed 13184K, reserved 1048576K

Card table byte_map: [0x0000000110837000,0x0000000110b38000] byte_map_base: 0x000000010cd37000

Marking Bits: (ParMarkBitMap*) 0x000000010fe1bf78
 Begin Bits: [0x0000000110d38000, 0x0000000112538000)
 End Bits:   [0x0000000112538000, 0x0000000113d38000)

Polling page: 0x000000010e52a000

CodeCache: size=245760Kb used=29536Kb max_used=29549Kb free=216223Kb
 bounds [0x0000000115583000, 0x0000000117293000, 0x0000000124583000]
 total_blobs=10072 nmethods=9283 adapters=703
 compilation: enabled

Compilation events (10 events):
Event: 1448.008 Thread 0x00007fba2f827000 10820       4       org.gradle.internal.snapshot.impl.DirectorySnapshotter$1::isAllowed (93 bytes)
Event: 1448.011 Thread 0x00007fba33000000 10869       2       java.util.TimSort::mergeAt (358 bytes)
Event: 1448.012 Thread 0x00007fba33000000 nmethod 10869 0x0000000117286d90 code [0x0000000117286f40, 0x0000000117287378]
Event: 1448.021 Thread 0x00007fba33000000 10870       2       java.io.DataOutputStream::writeLong (118 bytes)
Event: 1448.021 Thread 0x00007fba33000000 nmethod 10870 0x0000000117286710 code [0x0000000117286880, 0x0000000117286ba8]
Event: 1448.027 Thread 0x00007fba2f827000 nmethod 10820 0x000000011728c0d0 code [0x000000011728c340, 0x000000011728d168]
Event: 1448.027 Thread 0x00007fba33000000 10872       2       com.google.common.collect.AbstractMapBasedMultimap::get (31 bytes)
Event: 1448.027 Thread 0x00007fba2f827000 10774       4       org.gradle.cache.internal.CrossProcessSynchronizingCache::get (19 bytes)
Event: 1448.027 Thread 0x00007fba33000000 nmethod 10872 0x0000000117286210 code [0x00000001172863a0, 0x0000000117286608]
Event: 1448.027 Thread 0x00007fba33000000 10871       1       org.gradle.internal.fingerprint.impl.DefaultFileSystemLocationFingerprint::getNormalizedPath (5 bytes)

GC Heap History (10 events):
Event: 14.206 GC heap after
Heap after GC invocations=14 (full 3):
 PSYoungGen      total 168448K, used 16564K [0x00000007a0000000, 0x00000007ac680000, 0x00000007c0000000)
  eden space 149504K, 0% used [0x00000007a0000000,0x00000007a0000000,0x00000007a9200000)
  from space 18944K, 87% used [0x00000007a9200000,0x00000007aa22d0a0,0x00000007aa480000)
  to   space 19968K, 0% used [0x00000007ab300000,0x00000007ab300000,0x00000007ac680000)
 ParOldGen       total 276480K, used 33521K [0x0000000760000000, 0x0000000770e00000, 0x00000007a0000000)
  object space 276480K, 12% used [0x0000000760000000,0x00000007620bc590,0x0000000770e00000)
 Metaspace       used 64728K, capacity 66756K, committed 66904K, reserved 1107968K
  class space    used 8596K, capacity 9071K, committed 9088K, reserved 1048576K
}
Event: 1223.573 GC heap before
{Heap before GC invocations=15 (full 3):
 PSYoungGen      total 168448K, used 166068K [0x00000007a0000000, 0x00000007ac680000, 0x00000007c0000000)
  eden space 149504K, 100% used [0x00000007a0000000,0x00000007a9200000,0x00000007a9200000)
  from space 18944K, 87% used [0x00000007a9200000,0x00000007aa22d0a0,0x00000007aa480000)
  to   space 19968K, 0% used [0x00000007ab300000,0x00000007ab300000,0x00000007ac680000)
 ParOldGen       total 276480K, used 33521K [0x0000000760000000, 0x0000000770e00000, 0x00000007a0000000)
  object space 276480K, 12% used [0x0000000760000000,0x00000007620bc590,0x0000000770e00000)
 Metaspace       used 73841K, capacity 76422K, committed 76632K, reserved 1116160K
  class space    used 9732K, capacity 10317K, committed 10368K, reserved 1048576K
Event: 1223.594 GC heap after
Heap after GC invocations=15 (full 3):
 PSYoungGen      total 166912K, used 19944K [0x00000007a0000000, 0x00000007ac680000, 0x00000007c0000000)
  eden space 146944K, 0% used [0x00000007a0000000,0x00000007a0000000,0x00000007a8f80000)
  from space 19968K, 99% used [0x00000007ab300000,0x00000007ac67a2b8,0x00000007ac680000)
  to   space 25088K, 0% used [0x00000007a9580000,0x00000007a9580000,0x00000007aae00000)
 ParOldGen       total 276480K, used 40849K [0x0000000760000000, 0x0000000770e00000, 0x00000007a0000000)
  object space 276480K, 14% used [0x0000000760000000,0x00000007627e4760,0x0000000770e00000)
 Metaspace       used 73841K, capacity 76422K, committed 76632K, reserved 1116160K
  class space    used 9732K, capacity 10317K, committed 10368K, reserved 1048576K
}
Event: 1258.062 GC heap before
{Heap before GC invocations=16 (full 3):
 PSYoungGen      total 166912K, used 166888K [0x00000007a0000000, 0x00000007ac680000, 0x00000007c0000000)
  eden space 146944K, 100% used [0x00000007a0000000,0x00000007a8f80000,0x00000007a8f80000)
  from space 19968K, 99% used [0x00000007ab300000,0x00000007ac67a2b8,0x00000007ac680000)
  to   space 25088K, 0% used [0x00000007a9580000,0x00000007a9580000,0x00000007aae00000)
 ParOldGen       total 276480K, used 40849K [0x0000000760000000, 0x0000000770e00000, 0x00000007a0000000)
  object space 276480K, 14% used [0x0000000760000000,0x00000007627e4760,0x0000000770e00000)
 Metaspace       used 81379K, capacity 84240K, committed 84440K, reserved 1122304K
  class space    used 10606K, capacity 11259K, committed 11264K, reserved 1048576K
Event: 1258.082 GC heap after
Heap after GC invocations=16 (full 3):
 PSYoungGen      total 169472K, used 25069K [0x00000007a0000000, 0x00000007ac800000, 0x00000007c0000000)
  eden space 144384K, 0% used [0x00000007a0000000,0x00000007a0000000,0x00000007a8d00000)
  from space 25088K, 99% used [0x00000007a9580000,0x00000007aadfb5c8,0x00000007aae00000)
  to   space 26624K, 0% used [0x00000007aae00000,0x00000007aae00000,0x00000007ac800000)
 ParOldGen       total 276480K, used 46414K [0x0000000760000000, 0x0000000770e00000, 0x00000007a0000000)
  object space 276480K, 16% used [0x0000000760000000,0x0000000762d53958,0x0000000770e00000)
 Metaspace       used 81379K, capacity 84240K, committed 84440K, reserved 1122304K
  class space    used 10606K, capacity 11259K, committed 11264K, reserved 1048576K
}
Event: 1447.247 GC heap before
{Heap before GC invocations=17 (full 3):
 PSYoungGen      total 169472K, used 169453K [0x00000007a0000000, 0x00000007ac800000, 0x00000007c0000000)
  eden space 144384K, 100% used [0x00000007a0000000,0x00000007a8d00000,0x00000007a8d00000)
  from space 25088K, 99% used [0x00000007a9580000,0x00000007aadfb5c8,0x00000007aae00000)
  to   space 26624K, 0% used [0x00000007aae00000,0x00000007aae00000,0x00000007ac800000)
 ParOldGen       total 276480K, used 46414K [0x0000000760000000, 0x0000000770e00000, 0x00000007a0000000)
  object space 276480K, 16% used [0x0000000760000000,0x0000000762d53958,0x0000000770e00000)
 Metaspace       used 89188K, capacity 92562K, committed 92760K, reserved 1130496K
  class space    used 11556K, capacity 12314K, committed 12416K, reserved 1048576K
Event: 1447.265 GC heap after
Heap after GC invocations=17 (full 3):
 PSYoungGen      total 167936K, used 26601K [0x00000007a0000000, 0x00000007ad280000, 0x00000007c0000000)
  eden space 141312K, 0% used [0x00000007a0000000,0x00000007a0000000,0x00000007a8a00000)
  from space 26624K, 99% used [0x00000007aae00000,0x00000007ac7fa7f0,0x00000007ac800000)
  to   space 36864K, 0% used [0x00000007a8a00000,0x00000007a8a00000,0x00000007aae00000)
 ParOldGen       total 276480K, used 57538K [0x0000000760000000, 0x0000000770e00000, 0x00000007a0000000)
  object space 276480K, 20% used [0x0000000760000000,0x00000007638309a0,0x0000000770e00000)
 Metaspace       used 89188K, capacity 92562K, committed 92760K, reserved 1130496K
  class space    used 11556K, capacity 12314K, committed 12416K, reserved 1048576K
}
Event: 1448.027 GC heap before
{Heap before GC invocations=18 (full 3):
 PSYoungGen      total 167936K, used 141823K [0x00000007a0000000, 0x00000007ad280000, 0x00000007c0000000)
  eden space 141312K, 81% used [0x00000007a0000000,0x00000007a7085798,0x00000007a8a00000)
  from space 26624K, 99% used [0x00000007aae00000,0x00000007ac7fa7f0,0x00000007ac800000)
  to   space 36864K, 0% used [0x00000007a8a00000,0x00000007a8a00000,0x00000007aae00000)
 ParOldGen       total 276480K, used 57538K [0x0000000760000000, 0x0000000770e00000, 0x00000007a0000000)
  object space 276480K, 20% used [0x0000000760000000,0x00000007638309a0,0x0000000770e00000)
 Metaspace       used 94530K, capacity 98178K, committed 98280K, reserved 1134592K
  class space    used 12366K, capacity 13144K, committed 13184K, reserved 1048576K
Event: 1448.044 GC heap after
Heap after GC invocations=18 (full 3):
 PSYoungGen      total 175616K, used 33437K [0x00000007a0000000, 0x00000007ad780000, 0x00000007c0000000)
  eden space 138752K, 0% used [0x00000007a0000000,0x00000007a0000000,0x00000007a8780000)
  from space 36864K, 90% used [0x00000007a8a00000,0x00000007aaaa7508,0x00000007aae00000)
  to   space 40960K, 0% used [0x00000007aaf80000,0x00000007aaf80000,0x00000007ad780000)
 ParOldGen       total 276480K, used 61393K [0x0000000760000000, 0x0000000770e00000, 0x00000007a0000000)
  object space 276480K, 22% used [0x0000000760000000,0x0000000763bf4650,0x0000000770e00000)
 Metaspace       used 94530K, capacity 98178K, committed 98280K, reserved 1134592K
  class space    used 12366K, capacity 13144K, committed 13184K, reserved 1048576K
}
Event: 1448.044 GC heap before
{Heap before GC invocations=19 (full 4):
 PSYoungGen      total 175616K, used 33437K [0x00000007a0000000, 0x00000007ad780000, 0x00000007c0000000)
  eden space 138752K, 0% used [0x00000007a0000000,0x00000007a0000000,0x00000007a8780000)
  from space 36864K, 90% used [0x00000007a8a00000,0x00000007aaaa7508,0x00000007aae00000)
  to   space 40960K, 0% used [0x00000007aaf80000,0x00000007aaf80000,0x00000007ad780000)
 ParOldGen       total 276480K, used 61393K [0x0000000760000000, 0x0000000770e00000, 0x00000007a0000000)
  object space 276480K, 22% used [0x0000000760000000,0x0000000763bf4650,0x0000000770e00000)
 Metaspace       used 94530K, capacity 98178K, committed 98280K, reserved 1134592K
  class space    used 12366K, capacity 13144K, committed 13184K, reserved 1048576K

Deoptimization events (10 events):
Event: 1447.180 Thread 0x00007fba359ec000 Uncommon trap: reason=array_check action=maybe_recompile pc=0x00000001171404dc method=java.util.AbstractCollection.toArray([Ljava/lang/Object;)[Ljava/lang/Object; @ 119
Event: 1447.742 Thread 0x00007fba359ec000 Uncommon trap: reason=unstable_if action=reinterpret pc=0x0000000117124c24 method=com.google.gson.stream.JsonReader.doPeek()I @ 315
Event: 1447.800 Thread 0x00007fba359ec000 Uncommon trap: reason=null_check action=make_not_entrant pc=0x0000000116797eec method=org.gradle.internal.instantiation.AbstractClassGenerator$DslMixInPropertyType.visitProperty(Lorg/gradle/internal/instantiation/AbstractClassGenerator$PropertyMetadata;)V
Event: 1447.887 Thread 0x00007fba365db800 Uncommon trap: reason=unstable_if action=reinterpret pc=0x0000000115e458e4 method=org.gradle.internal.service.DefaultServiceRegistry$ManagedObjectServiceProvider.getInstance()Ljava/lang/Object; @ 19
Event: 1447.887 Thread 0x00007fba388f3800 Uncommon trap: reason=unstable_if action=reinterpret pc=0x0000000115e458e4 method=org.gradle.internal.service.DefaultServiceRegistry$ManagedObjectServiceProvider.getInstance()Ljava/lang/Object; @ 19
Event: 1448.020 Thread 0x00007fba30352800 Uncommon trap: reason=unstable_if action=reinterpret pc=0x000000011630393c method=org.gradle.cache.internal.btree.FileBackedBlockStore$BlockImpl.getPos()Lorg/gradle/cache/internal/btree/BlockPointer; @ 4
Event: 1448.020 Thread 0x00007fba30352800 Uncommon trap: reason=bimorphic action=maybe_recompile pc=0x000000011709b500 method=java.io.DataOutputStream.writeLong(J)V @ 108
Event: 1448.020 Thread 0x00007fba30352800 Uncommon trap: reason=bimorphic action=maybe_recompile pc=0x000000011709b500 method=java.io.DataOutputStream.writeLong(J)V @ 108
Event: 1448.020 Thread 0x00007fba30352800 Uncommon trap: reason=bimorphic action=maybe_recompile pc=0x000000011709b500 method=java.io.DataOutputStream.writeLong(J)V @ 108
Event: 1448.020 Thread 0x00007fba30352800 Uncommon trap: reason=bimorphic action=maybe_recompile pc=0x000000011709b500 method=java.io.DataOutputStream.writeLong(J)V @ 108

Classes redefined (0 events):
No events

Internal exceptions (10 events):
Event: 1447.401 Thread 0x00007fba359ec000 Exception <a 'java/lang/ClassNotFoundException': com/android/build/gradle/internal/api/BaseVariantOutputImplCustomizer> (0x00000007a0cbac48) thrown at [/Volumes/Android/buildbot/src/googleplex-android/openjdk/out/hotspot/src/share/vm/classfile/systemDicti
Event: 1447.401 Thread 0x00007fba359ec000 Exception <a 'java/lang/ClassNotFoundException': com/android/build/gradle/internal/api/ApkVariantOutputImplCustomizer> (0x00000007a0cf0940) thrown at [/Volumes/Android/buildbot/src/googleplex-android/openjdk/out/hotspot/src/share/vm/classfile/systemDictio
Event: 1447.402 Thread 0x00007fba359ec000 Exception <a 'java/lang/ClassNotFoundException': com/android/build/gradle/internal/api/ApkVariantOutputImpl_DecoratedCustomizer> (0x00000007a0d217c0) thrown at [/Volumes/Android/buildbot/src/googleplex-android/openjdk/out/hotspot/src/share/vm/classfile/sy
Event: 1447.448 Thread 0x00007fba359ec000 Exception <a 'java/lang/NoSuchMethodError': java.lang.Object.lambda$static$0(Ljava/util/Set;Ljava/util/Set;)Z> (0x00000007a1383730) thrown at [/Volumes/Android/buildbot/src/googleplex-android/openjdk/out/hotspot/src/share/vm/interpreter/linkResolver.cpp, 
Event: 1447.448 Thread 0x00007fba359ec000 Exception <a 'java/lang/NoSuchMethodError': java.lang.Object.lambda$static$1(Ljava/util/Set;Ljava/util/Set;)Z> (0x00000007a13863e8) thrown at [/Volumes/Android/buildbot/src/googleplex-android/openjdk/out/hotspot/src/share/vm/interpreter/linkResolver.cpp, 
Event: 1447.448 Thread 0x00007fba359ec000 Exception <a 'java/lang/NoSuchMethodError': java.lang.Object.lambda$static$2(Ljava/util/Set;Ljava/util/Set;)Z> (0x00000007a1388f28) thrown at [/Volumes/Android/buildbot/src/googleplex-android/openjdk/out/hotspot/src/share/vm/interpreter/linkResolver.cpp, 
Event: 1447.448 Thread 0x00007fba359ec000 Exception <a 'java/lang/NoSuchMethodError': java.lang.Object.lambda$static$3(Ljava/util/Set;Ljava/util/Set;)Z> (0x00000007a138ba68) thrown at [/Volumes/Android/buildbot/src/googleplex-android/openjdk/out/hotspot/src/share/vm/interpreter/linkResolver.cpp, 
Event: 1447.449 Thread 0x00007fba359ec000 Exception <a 'java/lang/NoSuchMethodError': java.lang.Object.lambda$static$4(Ljava/util/Set;Ljava/util/Set;)Z> (0x00000007a138e5a8) thrown at [/Volumes/Android/buildbot/src/googleplex-android/openjdk/out/hotspot/src/share/vm/interpreter/linkResolver.cpp, 
Event: 1447.537 Thread 0x00007fba359ec000 Exception <a 'java/lang/ClassNotFoundException': com/sun/org/glassfish/hk2/osgiresourcelocator/ServiceLoader> (0x00000007a1c9ae48) thrown at [/Volumes/Android/buildbot/src/googleplex-android/openjdk/out/hotspot/src/share/vm/classfile/systemDictionary.cpp,
Event: 1447.567 Thread 0x00007fba359ec000 Exception <a 'java/lang/NullPointerException'> (0x00000007a21644c8) thrown at [/Volumes/Android/buildbot/src/googleplex-android/openjdk/out/hotspot/src/share/vm/interpreter/linkResolver.cpp, line 1287]

Events (10 events):
Event: 1448.026 loading class org/gradle/internal/fingerprint/impl/FilePathWithType done
Event: 1448.026 loading class com/google/common/collect/AbstractMultimap$Entries
Event: 1448.026 loading class com/google/common/collect/AbstractMultimap$Entries done
Event: 1448.027 loading class com/google/common/collect/Multimaps$Entries
Event: 1448.027 loading class com/google/common/collect/Multimaps$Entries done
Event: 1448.027 loading class com/google/common/collect/AbstractMapBasedMultimap$2
Event: 1448.027 loading class com/google/common/collect/AbstractMapBasedMultimap$2 done
Event: 1448.027 loading class com/google/common/collect/AbstractMapBasedMultimap$Itr
Event: 1448.027 loading class com/google/common/collect/AbstractMapBasedMultimap$Itr done
Event: 1448.027 Executing VM operation: CollectForMetadataAllocation


Dynamic libraries:
0x00007fff37594000 	/System/Library/Frameworks/Cocoa.framework/Versions/A/Cocoa
0x00007fff43341000 	/System/Library/Frameworks/Security.framework/Versions/A/Security
0x00007fff36227000 	/System/Library/Frameworks/ApplicationServices.framework/Versions/A/ApplicationServices
0x00007fff63458000 	/usr/lib/libz.1.dylib
0x00007fff60daf000 	/usr/lib/libSystem.B.dylib
0x00007fff37e09000 	/System/Library/Frameworks/CoreFoundation.framework/Versions/A/CoreFoundation
0x00007fff3a08d000 	/System/Library/Frameworks/Foundation.framework/Versions/C/Foundation
0x00007fff625e8000 	/usr/lib/libobjc.A.dylib
0x00007fff35420000 	/System/Library/Frameworks/AppKit.framework/Versions/C/AppKit
0x00007fff37992000 	/System/Library/Frameworks/CoreData.framework/Versions/A/CoreData
0x00007fff5a874000 	/System/Library/PrivateFrameworks/RemoteViewServices.framework/Versions/A/RemoteViewServices
0x00007fff5eaeb000 	/System/Library/PrivateFrameworks/UIFoundation.framework/Versions/A/UIFoundation
0x00007fff601d0000 	/System/Library/PrivateFrameworks/XCTTargetBootstrap.framework/Versions/A/XCTTargetBootstrap
0x00007fff37d18000 	/System/Library/Frameworks/CoreDisplay.framework/Versions/A/CoreDisplay
0x00007fff55589000 	/System/Library/PrivateFrameworks/IconServices.framework/Versions/A/IconServices
0x00007fff3c9ae000 	/System/Library/Frameworks/Metal.framework/Versions/A/Metal
0x00007fff4cacc000 	/System/Library/PrivateFrameworks/DesktopServicesPriv.framework/Versions/A/DesktopServicesPriv
0x00007fff6194b000 	/usr/lib/libenergytrace.dylib
0x00007fff5cfd2000 	/System/Library/PrivateFrameworks/SkyLight.framework/Versions/A/SkyLight
0x00007fff38250000 	/System/Library/Frameworks/CoreGraphics.framework/Versions/A/CoreGraphics
0x00007fff341ec000 	/System/Library/Frameworks/Accelerate.framework/Versions/A/Accelerate
0x00007fff3a7d6000 	/System/Library/Frameworks/IOSurface.framework/Versions/A/IOSurface
0x00007fff4c938000 	/System/Library/PrivateFrameworks/DFRFoundation.framework/Versions/A/DFRFoundation
0x00007fff3670a000 	/System/Library/Frameworks/AudioToolbox.framework/Versions/A/AudioToolbox
0x00007fff36983000 	/System/Library/Frameworks/AudioUnit.framework/Versions/A/AudioUnit
0x00007fff4c9cd000 	/System/Library/PrivateFrameworks/DataDetectorsCore.framework/Versions/A/DataDetectorsCore
0x00007fff37097000 	/System/Library/Frameworks/Carbon.framework/Versions/A/Frameworks/HIToolbox.framework/Versions/A/HIToolbox
0x00007fff61aa4000 	/usr/lib/libicucore.A.dylib
0x00007fff428b4000 	/System/Library/Frameworks/QuartzCore.framework/Versions/A/QuartzCore
0x00007fff3746c000 	/System/Library/Frameworks/Carbon.framework/Versions/A/Frameworks/SpeechRecognition.framework/Versions/A/SpeechRecognition
0x00007fff60f03000 	/usr/lib/libauto.dylib
0x00007fff6334b000 	/usr/lib/libxml2.2.dylib
0x00007fff4c513000 	/System/Library/PrivateFrameworks/CoreUI.framework/Versions/A/CoreUI
0x00007fff3787d000 	/System/Library/Frameworks/CoreAudio.framework/Versions/A/CoreAudio
0x00007fff39ec2000 	/System/Library/Frameworks/DiskArbitration.framework/Versions/A/DiskArbitration
0x00007fff61d52000 	/usr/lib/liblangid.dylib
0x00007fff569b9000 	/System/Library/PrivateFrameworks/MultitouchSupport.framework/Versions/A/MultitouchSupport
0x00007fff3a745000 	/System/Library/Frameworks/IOKit.framework/Versions/A/IOKit
0x00007fff6096f000 	/usr/lib/libDiagnosticMessagesClient.dylib
0x00007fff39060000 	/System/Library/Frameworks/CoreServices.framework/Versions/A/CoreServices
0x00007fff58673000 	/System/Library/PrivateFrameworks/PerformanceAnalysis.framework/Versions/A/PerformanceAnalysis
0x00007fff41a9b000 	/System/Library/Frameworks/OpenGL.framework/Versions/A/OpenGL
0x00007fff375a2000 	/System/Library/Frameworks/ColorSync.framework/Versions/A/ColorSync
0x00007fff388e2000 	/System/Library/Frameworks/CoreImage.framework/Versions/A/CoreImage
0x00007fff39a38000 	/System/Library/Frameworks/CoreText.framework/Versions/A/CoreText
0x00007fff3a839000 	/System/Library/Frameworks/ImageIO.framework/Versions/A/ImageIO
0x00007fff48b65000 	/System/Library/PrivateFrameworks/Backup.framework/Versions/A/Backup
0x00007fff60e56000 	/usr/lib/libarchive.2.dylib
0x00007fff36cdc000 	/System/Library/Frameworks/CFNetwork.framework/Versions/A/CFNetwork
0x00007fff43a9d000 	/System/Library/Frameworks/SystemConfiguration.framework/Versions/A/SystemConfiguration
0x00007fff608a0000 	/usr/lib/libCRFSuite.dylib
0x00007fff60ff4000 	/usr/lib/libc++.1.dylib
0x00007fff61048000 	/usr/lib/libc++abi.dylib
0x00007fff63c4e000 	/usr/lib/system/libcache.dylib
0x00007fff63c53000 	/usr/lib/system/libcommonCrypto.dylib
0x00007fff63c5e000 	/usr/lib/system/libcompiler_rt.dylib
0x00007fff63c66000 	/usr/lib/system/libcopyfile.dylib
0x00007fff63c70000 	/usr/lib/system/libcorecrypto.dylib
0x00007fff63d7b000 	/usr/lib/system/libdispatch.dylib
0x00007fff63db5000 	/usr/lib/system/libdyld.dylib
0x00007fff63de2000 	/usr/lib/system/libkeymgr.dylib
0x00007fff63df0000 	/usr/lib/system/liblaunch.dylib
0x00007fff63df1000 	/usr/lib/system/libmacho.dylib
0x00007fff63df7000 	/usr/lib/system/libquarantine.dylib
0x00007fff63dfa000 	/usr/lib/system/libremovefile.dylib
0x00007fff63dfc000 	/usr/lib/system/libsystem_asl.dylib
0x00007fff63e14000 	/usr/lib/system/libsystem_blocks.dylib
0x00007fff63e15000 	/usr/lib/system/libsystem_c.dylib
0x00007fff63e9d000 	/usr/lib/system/libsystem_configuration.dylib
0x00007fff63ea1000 	/usr/lib/system/libsystem_coreservices.dylib
0x00007fff63ea5000 	/usr/lib/system/libsystem_darwin.dylib
0x00007fff63eac000 	/usr/lib/system/libsystem_dnssd.dylib
0x00007fff63eb3000 	/usr/lib/system/libsystem_info.dylib
0x00007fff63f28000 	/usr/lib/system/libsystem_m.dylib
0x00007fff63f74000 	/usr/lib/system/libsystem_malloc.dylib
0x00007fff63f9f000 	/usr/lib/system/libsystem_networkextension.dylib
0x00007fff63faa000 	/usr/lib/system/libsystem_notify.dylib
0x00007fff63fc7000 	/usr/lib/system/libsystem_sandbox.dylib
0x00007fff63fcb000 	/usr/lib/system/libsystem_secinit.dylib
0x00007fff63eff000 	/usr/lib/system/libsystem_kernel.dylib
0x00007fff63fb2000 	/usr/lib/system/libsystem_platform.dylib
0x00007fff63fbc000 	/usr/lib/system/libsystem_pthread.dylib
0x00007fff63fce000 	/usr/lib/system/libsystem_symptoms.dylib
0x00007fff63fd6000 	/usr/lib/system/libsystem_trace.dylib
0x00007fff63fed000 	/usr/lib/system/libunwind.dylib
0x00007fff63ff3000 	/usr/lib/system/libxpc.dylib
0x00007fff60fd5000 	/usr/lib/libbsm.0.dylib
0x00007fff63de3000 	/usr/lib/system/libkxld.dylib
0x00007fff47f56000 	/System/Library/PrivateFrameworks/AppleFSCompression.framework/Versions/A/AppleFSCompression
0x00007fff60c6f000 	/usr/lib/libOpenScriptingUtil.dylib
0x00007fff612fd000 	/usr/lib/libcoretls.dylib
0x00007fff61314000 	/usr/lib/libcoretls_cfhelpers.dylib
0x00007fff62d7f000 	/usr/lib/libpam.2.dylib
0x00007fff62f3f000 	/usr/lib/libsqlite3.dylib
0x00007fff63339000 	/usr/lib/libxar.1.dylib
0x00007fff60fe6000 	/usr/lib/libbz2.1.0.dylib
0x00007fff61d54000 	/usr/lib/liblzma.5.dylib
0x00007fff62205000 	/usr/lib/libnetwork.dylib
0x00007fff60e3f000 	/usr/lib/libapple_nghttp2.dylib
0x00007fff62d86000 	/usr/lib/libpcap.A.dylib
0x00007fff393ff000 	/System/Library/Frameworks/CoreServices.framework/Versions/A/Frameworks/FSEvents.framework/Versions/A/FSEvents
0x00007fff390de000 	/System/Library/Frameworks/CoreServices.framework/Versions/A/Frameworks/CarbonCore.framework/Versions/A/CarbonCore
0x00007fff395ba000 	/System/Library/Frameworks/CoreServices.framework/Versions/A/Frameworks/Metadata.framework/Versions/A/Metadata
0x00007fff39659000 	/System/Library/Frameworks/CoreServices.framework/Versions/A/Frameworks/OSServices.framework/Versions/A/OSServices
0x00007fff396a4000 	/System/Library/Frameworks/CoreServices.framework/Versions/A/Frameworks/SearchKit.framework/Versions/A/SearchKit
0x00007fff39061000 	/System/Library/Frameworks/CoreServices.framework/Versions/A/Frameworks/AE.framework/Versions/A/AE
0x00007fff39408000 	/System/Library/Frameworks/CoreServices.framework/Versions/A/Frameworks/LaunchServices.framework/Versions/A/LaunchServices
0x00007fff393b6000 	/System/Library/Frameworks/CoreServices.framework/Versions/A/Frameworks/DictionaryServices.framework/Versions/A/DictionaryServices
0x00007fff3970c000 	/System/Library/Frameworks/CoreServices.framework/Versions/A/Frameworks/SharedFileList.framework/Versions/A/SharedFileList
0x00007fff3da76000 	/System/Library/Frameworks/NetFS.framework/Versions/A/NetFS
0x00007fff56c1f000 	/System/Library/PrivateFrameworks/NetAuth.framework/Versions/A/NetAuth
0x00007fff605d4000 	/System/Library/PrivateFrameworks/login.framework/Versions/A/Frameworks/loginsupport.framework/Versions/A/loginsupport
0x00007fff5e6f4000 	/System/Library/PrivateFrameworks/TCC.framework/Versions/A/TCC
0x00007fff4bb70000 	/System/Library/PrivateFrameworks/CoreNLP.framework/Versions/A/CoreNLP
0x00007fff5668f000 	/System/Library/PrivateFrameworks/MetadataUtilities.framework/Versions/A/MetadataUtilities
0x00007fff61e29000 	/usr/lib/libmecabra.dylib
0x00007fff36228000 	/System/Library/Frameworks/ApplicationServices.framework/Versions/A/Frameworks/ATS.framework/Versions/A/ATS
0x00007fff36577000 	/System/Library/Frameworks/ApplicationServices.framework/Versions/A/Frameworks/ColorSyncLegacy.framework/Versions/A/ColorSyncLegacy
0x00007fff36616000 	/System/Library/Frameworks/ApplicationServices.framework/Versions/A/Frameworks/HIServices.framework/Versions/A/HIServices
0x00007fff36669000 	/System/Library/Frameworks/ApplicationServices.framework/Versions/A/Frameworks/LangAnalysis.framework/Versions/A/LangAnalysis
0x00007fff36679000 	/System/Library/Frameworks/ApplicationServices.framework/Versions/A/Frameworks/PrintCore.framework/Versions/A/PrintCore
0x00007fff366c3000 	/System/Library/Frameworks/ApplicationServices.framework/Versions/A/Frameworks/QD.framework/Versions/A/QD
0x00007fff366fd000 	/System/Library/Frameworks/ApplicationServices.framework/Versions/A/Frameworks/SpeechSynthesis.framework/Versions/A/SpeechSynthesis
0x00007fff61070000 	/usr/lib/libcompression.dylib
0x00007fff3cc7e000 	/System/Library/Frameworks/MetalPerformanceShaders.framework/Versions/A/MetalPerformanceShaders
0x00007fff34204000 	/System/Library/Frameworks/Accelerate.framework/Versions/A/Frameworks/vImage.framework/Versions/A/vImage
0x00007fff3527e000 	/System/Library/Frameworks/Accelerate.framework/Versions/A/Frameworks/vecLib.framework/Versions/A/vecLib
0x00007fff351ca000 	/System/Library/Frameworks/Accelerate.framework/Versions/A/Frameworks/vecLib.framework/Versions/A/libvMisc.dylib
0x00007fff34fe2000 	/System/Library/Frameworks/Accelerate.framework/Versions/A/Frameworks/vecLib.framework/Versions/A/libvDSP.dylib
0x00007fff3489e000 	/System/Library/Frameworks/Accelerate.framework/Versions/A/Frameworks/vecLib.framework/Versions/A/libBLAS.dylib
0x00007fff34b8b000 	/System/Library/Frameworks/Accelerate.framework/Versions/A/Frameworks/vecLib.framework/Versions/A/libLAPACK.dylib
0x00007fff34f35000 	/System/Library/Frameworks/Accelerate.framework/Versions/A/Frameworks/vecLib.framework/Versions/A/libLinearAlgebra.dylib
0x00007fff34fce000 	/System/Library/Frameworks/Accelerate.framework/Versions/A/Frameworks/vecLib.framework/Versions/A/libSparseBLAS.dylib
0x00007fff34f4b000 	/System/Library/Frameworks/Accelerate.framework/Versions/A/Frameworks/vecLib.framework/Versions/A/libQuadrature.dylib
0x00007fff34b18000 	/System/Library/Frameworks/Accelerate.framework/Versions/A/Frameworks/vecLib.framework/Versions/A/libBNNS.dylib
0x00007fff34f51000 	/System/Library/Frameworks/Accelerate.framework/Versions/A/Frameworks/vecLib.framework/Versions/A/libSparse.dylib
0x00007fff52ebe000 	/System/Library/PrivateFrameworks/GPUWrangler.framework/Versions/A/GPUWrangler
0x00007fff551be000 	/System/Library/PrivateFrameworks/IOAccelerator.framework/Versions/A/IOAccelerator
0x00007fff551c9000 	/System/Library/PrivateFrameworks/IOPresentment.framework/Versions/A/IOPresentment
0x00007fff4c948000 	/System/Library/PrivateFrameworks/DSExternalDisplay.framework/Versions/A/DSExternalDisplay
0x00007fff40ef2000 	/System/Library/Frameworks/OpenGL.framework/Versions/A/Libraries/libCoreFSCache.dylib
0x00007fff3ca72000 	/System/Library/Frameworks/MetalPerformanceShaders.framework/Frameworks/MPSCore.framework/Versions/A/MPSCore
0x00007fff3ca92000 	/System/Library/Frameworks/MetalPerformanceShaders.framework/Frameworks/MPSImage.framework/Versions/A/MPSImage
0x00007fff3cb37000 	/System/Library/Frameworks/MetalPerformanceShaders.framework/Frameworks/MPSNeuralNetwork.framework/Versions/A/MPSNeuralNetwork
0x00007fff3cb0f000 	/System/Library/Frameworks/MetalPerformanceShaders.framework/Frameworks/MPSMatrix.framework/Versions/A/MPSMatrix
0x00007fff3cc63000 	/System/Library/Frameworks/MetalPerformanceShaders.framework/Frameworks/MPSRayIntersector.framework/Versions/A/MPSRayIntersector
0x00007fff566b8000 	/System/Library/PrivateFrameworks/MetalTools.framework/Versions/A/MetalTools
0x00007fff47800000 	/System/Library/PrivateFrameworks/AggregateDictionary.framework/Versions/A/AggregateDictionary
0x00007fff60c4f000 	/usr/lib/libMobileGestalt.dylib
0x00007fff39b9b000 	/System/Library/Frameworks/CoreVideo.framework/Versions/A/CoreVideo
0x00007fff53ccf000 	/System/Library/PrivateFrameworks/GraphVisualizer.framework/Versions/A/GraphVisualizer
0x00007fff4db4e000 	/System/Library/PrivateFrameworks/FaceCore.framework/Versions/A/FaceCore
0x00007fff40520000 	/System/Library/Frameworks/OpenCL.framework/Versions/A/OpenCL
0x00007fff609a7000 	/usr/lib/libFosl_dynamic.dylib
0x00007fff5748a000 	/System/Library/PrivateFrameworks/OTSVG.framework/Versions/A/OTSVG
0x00007fff3632c000 	/System/Library/Frameworks/ApplicationServices.framework/Versions/A/Frameworks/ATS.framework/Versions/A/Resources/libFontParser.dylib
0x00007fff36444000 	/System/Library/Frameworks/ApplicationServices.framework/Versions/A/Frameworks/ATS.framework/Versions/A/Resources/libFontRegistry.dylib
0x00007fff3aaa7000 	/System/Library/Frameworks/ImageIO.framework/Versions/A/Resources/libJPEG.dylib
0x00007fff3adb9000 	/System/Library/Frameworks/ImageIO.framework/Versions/A/Resources/libTIFF.dylib
0x00007fff3ad8f000 	/System/Library/Frameworks/ImageIO.framework/Versions/A/Resources/libPng.dylib
0x00007fff3a9c5000 	/System/Library/Frameworks/ImageIO.framework/Versions/A/Resources/libGIF.dylib
0x00007fff3a9ca000 	/System/Library/Frameworks/ImageIO.framework/Versions/A/Resources/libJP2.dylib
0x00007fff3adb6000 	/System/Library/Frameworks/ImageIO.framework/Versions/A/Resources/libRadiance.dylib
0x00007fff480ad000 	/System/Library/PrivateFrameworks/AppleJPEG.framework/Versions/A/AppleJPEG
0x00007fff40efd000 	/System/Library/Frameworks/OpenGL.framework/Versions/A/Libraries/libGFXShared.dylib
0x00007fff410c0000 	/System/Library/Frameworks/OpenGL.framework/Versions/A/Libraries/libGLU.dylib
0x00007fff40f06000 	/System/Library/Frameworks/OpenGL.framework/Versions/A/Libraries/libGL.dylib
0x00007fff40f12000 	/System/Library/Frameworks/OpenGL.framework/Versions/A/Libraries/libGLImage.dylib
0x00007fff40eef000 	/System/Library/Frameworks/OpenGL.framework/Versions/A/Libraries/libCVMSPluginSupport.dylib
0x00007fff40ef8000 	/System/Library/Frameworks/OpenGL.framework/Versions/A/Libraries/libCoreVMClient.dylib
0x00007fff617c1000 	/usr/lib/libcups.2.dylib
0x00007fff3bf79000 	/System/Library/Frameworks/Kerberos.framework/Versions/A/Kerberos
0x00007fff3a4a9000 	/System/Library/Frameworks/GSS.framework/Versions/A/GSS
0x00007fff62ed4000 	/usr/lib/libresolv.9.dylib
0x00007fff619b3000 	/usr/lib/libiconv.2.dylib
0x00007fff53e44000 	/System/Library/PrivateFrameworks/Heimdal.framework/Versions/A/Heimdal
0x00007fff61983000 	/usr/lib/libheimdal-asn1.dylib
0x00007fff40594000 	/System/Library/Frameworks/OpenDirectory.framework/Versions/A/OpenDirectory
0x00007fff4a8d3000 	/System/Library/PrivateFrameworks/CommonAuth.framework/Versions/A/CommonAuth
0x00007fff40578000 	/System/Library/Frameworks/OpenDirectory.framework/Versions/A/Frameworks/CFOpenDirectory.framework/Versions/A/CFOpenDirectory
0x00007fff43642000 	/System/Library/Frameworks/SecurityFoundation.framework/Versions/A/SecurityFoundation
0x00007fff46d46000 	/System/Library/PrivateFrameworks/APFS.framework/Versions/A/APFS
0x00007fff63335000 	/usr/lib/libutil.dylib
0x00007fff6105e000 	/usr/lib/libcharset.1.dylib
0x00007fff4834a000 	/System/Library/PrivateFrameworks/AppleSauce.framework/Versions/A/AppleSauce
0x00007fff484cb000 	/System/Library/PrivateFrameworks/AssertionServices.framework/Versions/A/AssertionServices
0x00007fff48bfb000 	/System/Library/PrivateFrameworks/BaseBoard.framework/Versions/A/BaseBoard
0x00007fff61d84000 	/usr/lib/libmecab.1.0.0.dylib
0x00007fff6197d000 	/usr/lib/libgermantok.dylib
0x00007fff60e2c000 	/usr/lib/libThaiTokenizer.dylib
0x00007fff608d7000 	/usr/lib/libChineseTokenizer.dylib
0x00007fff55876000 	/System/Library/PrivateFrameworks/LanguageModeling.framework/Versions/A/LanguageModeling
0x00007fff4b5b5000 	/System/Library/PrivateFrameworks/CoreEmoji.framework/Versions/A/CoreEmoji
0x00007fff55952000 	/System/Library/PrivateFrameworks/Lexicon.framework/Versions/A/Lexicon
0x00007fff55995000 	/System/Library/PrivateFrameworks/LinguisticData.framework/Versions/A/LinguisticData
0x00007fff6105f000 	/usr/lib/libcmph.dylib
0x00007fff43700000 	/System/Library/Frameworks/ServiceManagement.framework/Versions/A/ServiceManagement
0x00007fff48b5c000 	/System/Library/PrivateFrameworks/BackgroundTaskManagement.framework/Versions/A/BackgroundTaskManagement
0x00007fff6342f000 	/usr/lib/libxslt.1.dylib
0x00007fff37399000 	/System/Library/Frameworks/Carbon.framework/Versions/A/Frameworks/Ink.framework/Versions/A/Ink
0x00007fff5e966000 	/System/Library/PrivateFrameworks/TextureIO.framework/Versions/A/TextureIO
0x00007fff60e80000 	/usr/lib/libate.dylib
0x00007fff4c897000 	/System/Library/PrivateFrameworks/CrashReporterSupport.framework/Versions/A/CrashReporterSupport
0x00007fff5c0a0000 	/System/Library/PrivateFrameworks/Sharing.framework/Versions/A/Sharing
0x00007fff488ae000 	/System/Library/PrivateFrameworks/AuthKit.framework/Versions/A/AuthKit
0x00007fff47e02000 	/System/Library/PrivateFrameworks/Apple80211.framework/Versions/A/Apple80211
0x00007fff4c63f000 	/System/Library/PrivateFrameworks/CoreUtils.framework/Versions/A/CoreUtils
0x00007fff39bdc000 	/System/Library/Frameworks/CoreWLAN.framework/Versions/A/CoreWLAN
0x00007fff3a5d8000 	/System/Library/Frameworks/IOBluetooth.framework/Versions/A/IOBluetooth
0x00007fff5a514000 	/System/Library/PrivateFrameworks/ProtocolBuffer.framework/Versions/A/ProtocolBuffer
0x00007fff56915000 	/System/Library/PrivateFrameworks/MobileKeyBag.framework/Versions/A/MobileKeyBag
0x00007fff4be83000 	/System/Library/PrivateFrameworks/CorePhoneNumbers.framework/Versions/A/CorePhoneNumbers
0x00007fff48061000 	/System/Library/PrivateFrameworks/AppleIDAuthSupport.framework/Versions/A/AppleIDAuthSupport
0x00007fff55849000 	/System/Library/PrivateFrameworks/KeychainCircle.framework/Versions/A/KeychainCircle
0x00007fff5a6ca000 	/System/Library/PrivateFrameworks/ROCKit.framework/Versions/A/ROCKit
0x00007fff4c833000 	/System/Library/PrivateFrameworks/CoreWiFi.framework/Versions/A/CoreWiFi
0x00007fff37967000 	/System/Library/Frameworks/CoreBluetooth.framework/Versions/A/CoreBluetooth
0x00007fff4ca8e000 	/System/Library/PrivateFrameworks/DebugSymbols.framework/Versions/A/DebugSymbols
0x00007fff4c3ff000 	/System/Library/PrivateFrameworks/CoreSymbolication.framework/Versions/A/CoreSymbolication
0x00007fff5e181000 	/System/Library/PrivateFrameworks/Symbolication.framework/Versions/A/Symbolication
0x00007fff5da24000 	/System/Library/PrivateFrameworks/SpeechRecognitionCore.framework/Versions/A/SpeechRecognitionCore
0x000000010f600000 	/Applications/Android Studio.app/Contents/jre/jdk/Contents/Home/jre/lib/server/libjvm.dylib
0x00007fff63210000 	/usr/lib/libstdc++.6.dylib
0x000000010e4d8000 	/Applications/Android Studio.app/Contents/jre/jdk/Contents/Home/jre/lib/libverify.dylib
0x000000010e4e5000 	/Applications/Android Studio.app/Contents/jre/jdk/Contents/Home/jre/lib/libjava.dylib
0x000000010e574000 	/Applications/Android Studio.app/Contents/jre/jdk/Contents/Home/jre/lib/libzip.dylib
0x0000000125d77000 	/Applications/Android Studio.app/Contents/jre/jdk/Contents/Home/jre/lib/libnet.dylib
0x0000000125dd1000 	/Applications/Android Studio.app/Contents/jre/jdk/Contents/Home/jre/lib/libnio.dylib
0x0000000125816000 	/Users/admin/.gradle/native/29/osx-amd64/libnative-platform.dylib
0x0000000125eb0000 	/Applications/Android Studio.app/Contents/jre/jdk/Contents/Home/jre/lib/libmanagement.dylib

VM Arguments:
jvm_args: -Xmx1536m -Dfile.encoding=UTF-8 -Duser.country=CA -Duser.language=en -Duser.variant 
java_command: org.gradle.launcher.daemon.bootstrap.GradleDaemon 5.4.1
java_class_path (initial): /Users/admin/.gradle/wrapper/dists/gradle-5.4.1-all/3221gyojl5jsh0helicew7rwx/gradle-5.4.1/lib/gradle-launcher-5.4.1.jar
Launcher Type: SUN_STANDARD

Environment Variables:
PATH=/usr/local/bin:/usr/bin:/bin:/usr/sbin:/sbin:/usr/local/share/dotnet:~/.dotnet/tools:/Library/Frameworks/Mono.framework/Versions/Current/Commands
SHELL=/bin/bash

Signal Handlers:
SIGSEGV: [libjvm.dylib+0x55bff5], sa_mask[0]=11111111011111110111111111111111, sa_flags=SA_ONSTACK|SA_RESTART|SA_SIGINFO
SIGBUS: [libjvm.dylib+0x55bff5], sa_mask[0]=11111111011111110111111111111111, sa_flags=SA_RESTART|SA_SIGINFO
SIGFPE: [libjvm.dylib+0x453a89], sa_mask[0]=11111111011111110111111111111111, sa_flags=SA_RESTART|SA_SIGINFO
SIGPIPE: [libjvm.dylib+0x453a89], sa_mask[0]=11111111011111110111111111111111, sa_flags=SA_RESTART|SA_SIGINFO
SIGXFSZ: [libjvm.dylib+0x453a89], sa_mask[0]=11111111011111110111111111111111, sa_flags=SA_RESTART|SA_SIGINFO
SIGILL: [libjvm.dylib+0x453a89], sa_mask[0]=11111111011111110111111111111111, sa_flags=SA_RESTART|SA_SIGINFO
SIGUSR1: SIG_DFL, sa_mask[0]=00000000000000000000000000000000, sa_flags=none
SIGUSR2: [libjvm.dylib+0x454390], sa_mask[0]=00100000000000000000000000000000, sa_flags=SA_RESTART|SA_SIGINFO
SIGHUP: [libjvm.dylib+0x4525a3], sa_mask[0]=11111111011111110111111111111111, sa_flags=SA_RESTART|SA_SIGINFO
SIGINT: [libjvm.dylib+0x4525a3], sa_mask[0]=11111111011111110111111111111111, sa_flags=SA_RESTART|SA_SIGINFO
SIGTERM: [libjvm.dylib+0x4525a3], sa_mask[0]=11111111011111110111111111111111, sa_flags=SA_RESTART|SA_SIGINFO
SIGQUIT: [libjvm.dylib+0x4525a3], sa_mask[0]=11111111011111110111111111111111, sa_flags=SA_RESTART|SA_SIGINFO


---------------  S Y S T E M  ---------------

OS:Bsduname:Darwin 18.7.0 Darwin Kernel Version 18.7.0: Sat Oct 12 00:02:19 PDT 2019; root:xnu-4903.278.12~1/RELEASE_X86_64 x86_64
rlimit: STACK 8192k, CORE 0k, NPROC 1418, NOFILE 10240, AS infinity
load average:3.12 2.61 2.35

CPU:total 8 (initial active 8) (4 cores per cpu, 2 threads per core) family 6 model 70 stepping 1, cmov, cx8, fxsr, mmx, sse, sse2, sse3, ssse3, sse4.1, sse4.2, popcnt, avx, avx2, aes, clmul, erms, lzcnt, ht, tsc, tscinvbit, bmi1, bmi2

Memory: 4k page, physical 16777216k(2371860k free)

/proc/meminfo:


vm_info: OpenJDK 64-Bit Server VM (25.202-b49-5587405) for bsd-amd64 JRE (1.8.0_202-release-1483-b49-5587405), built by "android-build" with gcc 4.2.1 Compatible Android (5058415 based on r339409) Clang 8.0.2 (https://android.googlesource.com/toolchain/clang 40173bab62ec746213857d083c0e8b0abb568790) (https://android.googlesource.com/toolchain/llvm 7a6618d69e7e8111e1d49dc9e7813767c5ca756a)

time: Fri Nov 29 12:43:46 2019
timezone: EST
elapsed time: 1448 seconds (0d 0h 24m 8s)

